<?xml version="1.0" encoding="UTF-8"?>
<beans xmlns="http://www.springframework.org/schema/beans"
       xmlns:xsi="http://www.w3.org/2001/XMLSchema-instance"
       xmlns:context="http://www.springframework.org/schema/context"
       xmlns:util="http://www.springframework.org/schema/util"
       xsi:schemaLocation="http://www.springframework.org/schema/beans
       http://www.springframework.org/schema/beans/spring-beans.xsd http://www.springframework.org/schema/context http://www.springframework.org/schema/context/spring-context-3.1.xsd http://www.springframework.org/schema/util http://www.springframework.org/schema/util/spring-util-2.0.xsd">

    <context:property-placeholder location="classpath:test-config-properties.properties" />

    <context:annotation-config/>

    <util:properties id="config" location="classpath:/test-config-properties.properties" />


    <bean id="queryManager" class="uk.ac.ebi.fgpt.lode.utils.SparqlQueryReader" init-method="init">
        <property name="sparqlQueryResource" value="classpath:sparql-queries.txt" />
    </bean>

    <bean id="jenaVirtuosoExecutorService" class="uk.ac.ebi.fgpt.lode.impl.JenaVirtuosoExecutorService">
    </bean>

    <bean id="jenaHttpExecutorService" class="uk.ac.ebi.fgpt.lode.impl.JenaHttpExecutorService">
    </bean>

    <bean name="testExplorerConfig" class="uk.ac.ebi.fgpt.lode.impl.DefaultExplorerViewConfigImpl"/>

    <bean id="queryReader" class="uk.ac.ebi.fgpt.lode.utils.SparqlQueryReader" init-method="init">
        <property name="sparqlQueryResource" value="classpath:sparql-queries.txt" />
    </bean>

    <bean name="testExplorerServiceImpl" class="uk.ac.ebi.fgpt.lode.impl.JenaExploreService">
        <property name="queryReader" ref="queryReader"/>
        <property name="queryExecutionService" ref="jenaHttpExecutorService"/>
        <property name="endpointURL" value="${lode.sparqlendpoint.url}"/>
    </bean>

    <bean id="testJenaSparqlService" class="uk.ac.ebi.fgpt.lode.impl.JenaSparqlService">
        <property name="endpointURL" value="${lode.sparqlendpoint.url}"/>
        <property name="maxQueryLimit" value="${lode.sparql.query.maxlimit}"/>
        <property name="queryExecutionService" ref="jenaHttpExecutorService"/>
    </bean>




</beans>

